<?xml version="1.0" encoding="UTF-8" standalone="no"?>
<testsuite errors="0" failures="6" name="io.cucumber.core.plugin.JUnitFormatter" skipped="0" tests="14" time="572.025">
<testcase classname="User Create New Account By Going To Registration Page" name="New User Could Register With Valid Data" time="96.398">
<failure message="no such element: Unable to locate element: {&quot;method&quot;:&quot;css selector&quot;,&quot;selector&quot;:&quot;.result&quot;}&#10;  (Session info: chrome=106.0.5249.119)&#10;For documentation on this error, please visit: https://selenium.dev/exceptions/#no_such_element&#10;Build info: version: '4.5.0', revision: 'fe167b119a'&#10;System info: os.name: 'Windows 7', os.arch: 'amd64', os.version: '6.1', java.version: '1.8.0_111'&#10;Driver info: org.openqa.selenium.chrome.ChromeDriver&#10;Command: [49093114df660fde1f37283eed5c33dc, findElement {using=class name, value=result}]&#10;Capabilities {acceptInsecureCerts: false, browserName: chrome, browserVersion: 106.0.5249.119, chrome: {chromedriverVersion: 106.0.5249.61 (511755355844..., userDataDir: C:\Users\ahmed\AppData\Loca...}, goog:chromeOptions: {debuggerAddress: localhost:51761}, networkConnectionEnabled: false, pageLoadStrategy: normal, platformName: WINDOWS, proxy: Proxy(), se:cdp: ws://localhost:51761/devtoo..., se:cdpVersion: 106.0.5249.119, setWindowRect: true, strictFileInteractability: false, timeouts: {implicit: 0, pageLoad: 300000, script: 30000}, unhandledPromptBehavior: dismiss and notify, webauthn:extension:credBlob: true, webauthn:extension:largeBlob: true, webauthn:virtualAuthenticators: true}&#10;Session ID: 49093114df660fde1f37283eed5c33dc" type="org.openqa.selenium.NoSuchElementException"><![CDATA[Given user goes to home page................................................passed
When user pressed on Register link..........................................passed
And user chooses gender.....................................................passed
And user enters first name..................................................passed
And user enters last name...................................................passed
And user chooses birth of date..............................................passed
And user enters email address...............................................passed
And user enters company name................................................passed
And user chooses Newsletter option..........................................passed
And user enters password....................................................passed
And user enters confirm password............................................passed
And user pressed on REGISTER button.........................................passed
Then display "Your registration done successfully" message to user..........failed
And user log-in successfully and log-out link appears in the header.........skipped
And user pressed on Log-out link............................................skipped

StackTrace:
org.openqa.selenium.NoSuchElementException: no such element: Unable to locate element: {"method":"css selector","selector":".result"}
  (Session info: chrome=106.0.5249.119)
For documentation on this error, please visit: https://selenium.dev/exceptions/#no_such_element
Build info: version: '4.5.0', revision: 'fe167b119a'
System info: os.name: 'Windows 7', os.arch: 'amd64', os.version: '6.1', java.version: '1.8.0_111'
Driver info: org.openqa.selenium.chrome.ChromeDriver
Command: [49093114df660fde1f37283eed5c33dc, findElement {using=class name, value=result}]
Capabilities {acceptInsecureCerts: false, browserName: chrome, browserVersion: 106.0.5249.119, chrome: {chromedriverVersion: 106.0.5249.61 (511755355844..., userDataDir: C:\Users\ahmed\AppData\Loca...}, goog:chromeOptions: {debuggerAddress: localhost:51761}, networkConnectionEnabled: false, pageLoadStrategy: normal, platformName: WINDOWS, proxy: Proxy(), se:cdp: ws://localhost:51761/devtoo..., se:cdpVersion: 106.0.5249.119, setWindowRect: true, strictFileInteractability: false, timeouts: {implicit: 0, pageLoad: 300000, script: 30000}, unhandledPromptBehavior: dismiss and notify, webauthn:extension:credBlob: true, webauthn:extension:largeBlob: true, webauthn:virtualAuthenticators: true}
Session ID: 49093114df660fde1f37283eed5c33dc
	at sun.reflect.NativeConstructorAccessorImpl.newInstance0(Native Method)
	at sun.reflect.NativeConstructorAccessorImpl.newInstance(NativeConstructorAccessorImpl.java:62)
	at sun.reflect.DelegatingConstructorAccessorImpl.newInstance(DelegatingConstructorAccessorImpl.java:45)
	at java.lang.reflect.Constructor.newInstance(Constructor.java:423)
	at org.openqa.selenium.remote.codec.w3c.W3CHttpResponseCodec.createException(W3CHttpResponseCodec.java:200)
	at org.openqa.selenium.remote.codec.w3c.W3CHttpResponseCodec.decode(W3CHttpResponseCodec.java:133)
	at org.openqa.selenium.remote.codec.w3c.W3CHttpResponseCodec.decode(W3CHttpResponseCodec.java:53)
	at org.openqa.selenium.remote.HttpCommandExecutor.execute(HttpCommandExecutor.java:184)
	at org.openqa.selenium.remote.service.DriverCommandExecutor.invokeExecute(DriverCommandExecutor.java:167)
	at org.openqa.selenium.remote.service.DriverCommandExecutor.execute(DriverCommandExecutor.java:142)
	at org.openqa.selenium.remote.RemoteWebDriver.execute(RemoteWebDriver.java:547)
	at org.openqa.selenium.remote.ElementLocation$ElementFinder$2.findElement(ElementLocation.java:162)
	at org.openqa.selenium.remote.ElementLocation.findElement(ElementLocation.java:60)
	at org.openqa.selenium.remote.RemoteWebDriver.findElement(RemoteWebDriver.java:365)
	at org.openqa.selenium.remote.RemoteWebDriver.findElement(RemoteWebDriver.java:357)
	at org.example.pages.P1_Registration.messageDisplayed(P1_Registration.java:82)
	at org.example.StepDefinitions.SD01_Registration.display_message(SD01_Registration.java:101)
	at ✽.display "Your registration done successfully" message to user(file:///D:/front%20end%20testing%20course/EcommerceProject/src/main/resources/features/01_Register.feature:21)
]]></failure>
</testcase>
<testcase classname="user should be able to login to the system" name="user login with valid username and password" time="79.381">
<system-out><![CDATA[Given user had an actual account............................................passed
And user goes to home page..................................................passed
When user pressed on Log-in link in the header..............................passed
And user enters email address in login page.................................passed
And user enters password....................................................passed
And user pressed on Log-in button...........................................passed
Then user could login successfully..........................................passed
And user pressed on Log-out link............................................passed
]]></system-out>
</testcase>
<testcase classname="user should be able to login to the system" name="user login with invalid username and password" time="18.776">
<failure message="expected [true] but found [Error Message : Text Is Wrong]" type="java.lang.AssertionError"><![CDATA[Given user goes to home page................................................passed
And user pressed on Log-in link in the header...............................passed
And user enters invalid email address in login page.........................passed
And user enters password....................................................passed
And user pressed on Log-in button...........................................passed
Then user could not login successfully......................................failed

StackTrace:
java.lang.AssertionError: expected [true] but found [Error Message : Text Is Wrong]
	at org.testng.Assert.fail(Assert.java:110)
	at org.testng.Assert.failNotEquals(Assert.java:1413)
	at org.testng.Assert.assertEqualsImpl(Assert.java:149)
	at org.testng.Assert.assertEquals(Assert.java:131)
	at org.testng.Assert.assertEquals(Assert.java:643)
	at org.example.StepDefinitions.SD02_Login.wrong_login(SD02_Login.java:51)
	at ✽.user could not login successfully(file:///D:/front%20end%20testing%20course/EcommerceProject/src/main/resources/features/02_Login.feature:30)
]]></failure>
</testcase>
<testcase classname="Reset Password Page" name="User could reset his password" time="25.351">
<system-out><![CDATA[Given user had an actual account............................................passed
And user goes to home page..................................................passed
When user pressed on Log-in link in the header..............................passed
And user click on forgot password...........................................passed
And user enters email address in login page.................................passed
And user clicks on Recover button...........................................passed
Then display message "Email with instructions has been sent to you."at the top.passed
]]></system-out>
</testcase>
<testcase classname="user can search for any product" name="User can search for any product by name" time="35.072">
<failure message="Search result validation failed at [ + i + ]. expected [true] but found [false]" type="java.lang.AssertionError"><![CDATA[Given user had an actual account............................................passed
And open home page again....................................................passed
When user clicks on search box..............................................passed
And write "Lenovo" in the search box........................................passed
And user clicks on search button............................................passed
Then find all related products..............................................failed

StackTrace:
java.lang.AssertionError: Search result validation failed at [ + i + ]. expected [true] but found [false]
	at org.testng.Assert.fail(Assert.java:110)
	at org.testng.Assert.failNotEquals(Assert.java:1413)
	at org.testng.Assert.assertTrue(Assert.java:56)
	at org.example.StepDefinitions.SD04_Search.user_will_find_all_related_products(SD04_Search.java:38)
	at ✽.find all related products(file:///D:/front%20end%20testing%20course/EcommerceProject/src/main/resources/features/04_Search.feature:14)
]]></failure>
</testcase>
<testcase classname="user can search for any product" name="Guest User could search for any product using SKU" time="91.677">
<failure message="no such element: Unable to locate element: {&quot;method&quot;:&quot;css selector&quot;,&quot;selector&quot;:&quot;#small\-searchterms&quot;}&#10;  (Session info: chrome=106.0.5249.119)&#10;For documentation on this error, please visit: https://selenium.dev/exceptions/#no_such_element&#10;Build info: version: '4.5.0', revision: 'fe167b119a'&#10;System info: os.name: 'Windows 7', os.arch: 'amd64', os.version: '6.1', java.version: '1.8.0_111'&#10;Driver info: org.openqa.selenium.chrome.ChromeDriver&#10;Command: [6958516ac1cff0a3d2851d6ca659b54b, findElement {using=id, value=small-searchterms}]&#10;Capabilities {acceptInsecureCerts: false, browserName: chrome, browserVersion: 106.0.5249.119, chrome: {chromedriverVersion: 106.0.5249.61 (511755355844..., userDataDir: C:\Users\ahmed\AppData\Loca...}, goog:chromeOptions: {debuggerAddress: localhost:51944}, networkConnectionEnabled: false, pageLoadStrategy: normal, platformName: WINDOWS, proxy: Proxy(), se:cdp: ws://localhost:51944/devtoo..., se:cdpVersion: 106.0.5249.119, setWindowRect: true, strictFileInteractability: false, timeouts: {implicit: 0, pageLoad: 300000, script: 30000}, unhandledPromptBehavior: dismiss and notify, webauthn:extension:credBlob: true, webauthn:extension:largeBlob: true, webauthn:virtualAuthenticators: true}&#10;Session ID: 6958516ac1cff0a3d2851d6ca659b54b" type="org.openqa.selenium.NoSuchElementException"><![CDATA[Given user had an actual account............................................passed
And open home page again....................................................passed
When user clicks on search box..............................................failed
And write "AP_MBP_13" in the search box.....................................skipped
And user clicks on search button............................................skipped
Then user will find "Apple MacBook Pro 13-inch".............................skipped

StackTrace:
org.openqa.selenium.NoSuchElementException: no such element: Unable to locate element: {"method":"css selector","selector":"#small\-searchterms"}
  (Session info: chrome=106.0.5249.119)
For documentation on this error, please visit: https://selenium.dev/exceptions/#no_such_element
Build info: version: '4.5.0', revision: 'fe167b119a'
System info: os.name: 'Windows 7', os.arch: 'amd64', os.version: '6.1', java.version: '1.8.0_111'
Driver info: org.openqa.selenium.chrome.ChromeDriver
Command: [6958516ac1cff0a3d2851d6ca659b54b, findElement {using=id, value=small-searchterms}]
Capabilities {acceptInsecureCerts: false, browserName: chrome, browserVersion: 106.0.5249.119, chrome: {chromedriverVersion: 106.0.5249.61 (511755355844..., userDataDir: C:\Users\ahmed\AppData\Loca...}, goog:chromeOptions: {debuggerAddress: localhost:51944}, networkConnectionEnabled: false, pageLoadStrategy: normal, platformName: WINDOWS, proxy: Proxy(), se:cdp: ws://localhost:51944/devtoo..., se:cdpVersion: 106.0.5249.119, setWindowRect: true, strictFileInteractability: false, timeouts: {implicit: 0, pageLoad: 300000, script: 30000}, unhandledPromptBehavior: dismiss and notify, webauthn:extension:credBlob: true, webauthn:extension:largeBlob: true, webauthn:virtualAuthenticators: true}
Session ID: 6958516ac1cff0a3d2851d6ca659b54b
	at sun.reflect.NativeConstructorAccessorImpl.newInstance0(Native Method)
	at sun.reflect.NativeConstructorAccessorImpl.newInstance(NativeConstructorAccessorImpl.java:62)
	at sun.reflect.DelegatingConstructorAccessorImpl.newInstance(DelegatingConstructorAccessorImpl.java:45)
	at java.lang.reflect.Constructor.newInstance(Constructor.java:423)
	at org.openqa.selenium.remote.codec.w3c.W3CHttpResponseCodec.createException(W3CHttpResponseCodec.java:200)
	at org.openqa.selenium.remote.codec.w3c.W3CHttpResponseCodec.decode(W3CHttpResponseCodec.java:133)
	at org.openqa.selenium.remote.codec.w3c.W3CHttpResponseCodec.decode(W3CHttpResponseCodec.java:53)
	at org.openqa.selenium.remote.HttpCommandExecutor.execute(HttpCommandExecutor.java:184)
	at org.openqa.selenium.remote.service.DriverCommandExecutor.invokeExecute(DriverCommandExecutor.java:167)
	at org.openqa.selenium.remote.service.DriverCommandExecutor.execute(DriverCommandExecutor.java:142)
	at org.openqa.selenium.remote.RemoteWebDriver.execute(RemoteWebDriver.java:547)
	at org.openqa.selenium.remote.ElementLocation$ElementFinder$2.findElement(ElementLocation.java:162)
	at org.openqa.selenium.remote.ElementLocation.findElement(ElementLocation.java:66)
	at org.openqa.selenium.remote.RemoteWebDriver.findElement(RemoteWebDriver.java:365)
	at org.openqa.selenium.remote.RemoteWebDriver.findElement(RemoteWebDriver.java:357)
	at org.example.pages.P4_Search.clickSearchBox(P4_Search.java:12)
	at org.example.StepDefinitions.SD04_Search.user_clicks_search_box(SD04_Search.java:20)
	at ✽.user clicks on search box(file:///D:/front%20end%20testing%20course/EcommerceProject/src/main/resources/features/04_Search.feature:18)
]]></failure>
</testcase>
<testcase classname="Switch between currencies" name="User could switch between currencies US &amp; Euro" time="35.064">
<system-out><![CDATA[Given user had an actual account............................................passed
And open home page again....................................................passed
When user choose from currency list.........................................passed
Then verification from currency.............................................passed
]]></system-out>
</testcase>
<testcase classname="user can select different categories" name="Guest user could select different Categories" time="24.193">
<system-out><![CDATA[Given user had an actual account............................................passed
And open home page again....................................................passed
When user choose category...................................................passed
Then user return to the category that choosen...............................passed
]]></system-out>
</testcase>
<testcase classname="user could filter any product with color" name="user could filter product with color" time="25.322">
<system-out><![CDATA[Given user had an actual account............................................passed
And open home page again....................................................passed
When user choose Category then hover to open sub-Category...................passed
And user can filter sub-Category with color.................................passed
Then user will find product with the selected color.........................passed
]]></system-out>
</testcase>
<testcase classname="user could select different tags" name="user could select different tags" time="24.222">
<system-out><![CDATA[Given user had an actual account............................................passed
And open home page again....................................................passed
When user choose Category then hover to open sub-Category...................passed
And user choose a popular tag...............................................passed
And user will find products.................................................passed
Then user choose a different tag............................................passed
And user will find different products.......................................passed
]]></system-out>
</testcase>
<testcase classname="Shopping Cart" name="User click on ADD TO CART button after choosing a product" time="27.595">
<system-out><![CDATA[Given user had an actual account............................................passed
And open home page again....................................................passed
When user scrolls down to products..........................................passed
And user chooses product randomly...........................................passed
And click on ADD TO CART button.............................................passed
Then the product is added to the user's shopping cart and message appears says The product has been added to your shopping cart.passed
]]></system-out>
</testcase>
<testcase classname="Add products to wishlist" name="user add products to wishlist" time="30.33">
<system-out><![CDATA[Given user had an actual account............................................passed
And open home page again....................................................passed
Given user scrolls down to products.........................................passed
When user clicks add to wishlist............................................passed
Then user chooses attributes for product....................................passed
And product added and user can find it......................................passed
And open home page again....................................................passed
And user adds another product to the Wishlist...............................passed
And user navigates to his Wishlist page.....................................passed
]]></system-out>
</testcase>
<testcase classname="user could add different products to Compare list" name="user could add different products to Compare list" time="30.738">
<failure message="no such element: Unable to locate element: {&quot;method&quot;:&quot;xpath&quot;,&quot;selector&quot;:&quot;/html/body/div[6]/div[3]/div/div[2]/div/div[2]/div/table/tbody/tr[1]/td[4]/button&quot;}&#10;  (Session info: chrome=106.0.5249.119)&#10;For documentation on this error, please visit: https://selenium.dev/exceptions/#no_such_element&#10;Build info: version: '4.5.0', revision: 'fe167b119a'&#10;System info: os.name: 'Windows 7', os.arch: 'amd64', os.version: '6.1', java.version: '1.8.0_111'&#10;Driver info: org.openqa.selenium.chrome.ChromeDriver&#10;Command: [46e35b6a4bfbc4e6948d83ca7f10563d, findElement {using=xpath, value=/html/body/div[6]/div[3]/div/div[2]/div/div[2]/div/table/tbody/tr[1]/td[4]/button}]&#10;Capabilities {acceptInsecureCerts: false, browserName: chrome, browserVersion: 106.0.5249.119, chrome: {chromedriverVersion: 106.0.5249.61 (511755355844..., userDataDir: C:\Users\ahmed\AppData\Loca...}, goog:chromeOptions: {debuggerAddress: localhost:52203}, networkConnectionEnabled: false, pageLoadStrategy: normal, platformName: WINDOWS, proxy: Proxy(), se:cdp: ws://localhost:52203/devtoo..., se:cdpVersion: 106.0.5249.119, setWindowRect: true, strictFileInteractability: false, timeouts: {implicit: 0, pageLoad: 300000, script: 30000}, unhandledPromptBehavior: dismiss and notify, webauthn:extension:credBlob: true, webauthn:extension:largeBlob: true, webauthn:virtualAuthenticators: true}&#10;Session ID: 46e35b6a4bfbc4e6948d83ca7f10563d" type="org.openqa.selenium.NoSuchElementException"><![CDATA[Given user had an actual account............................................passed
And open home page again....................................................passed
Given user adds First Product to CompareList................................passed
And user adds Second Product to CompareList.................................passed
And user adds Third Product to CompareList..................................passed
When user goes to Compare Products..........................................passed
Then user compares between the choosen products.............................passed
And user clears a product from compareList..................................failed
And user deletes all the Products choosen...................................skipped

StackTrace:
org.openqa.selenium.NoSuchElementException: no such element: Unable to locate element: {"method":"xpath","selector":"/html/body/div[6]/div[3]/div/div[2]/div/div[2]/div/table/tbody/tr[1]/td[4]/button"}
  (Session info: chrome=106.0.5249.119)
For documentation on this error, please visit: https://selenium.dev/exceptions/#no_such_element
Build info: version: '4.5.0', revision: 'fe167b119a'
System info: os.name: 'Windows 7', os.arch: 'amd64', os.version: '6.1', java.version: '1.8.0_111'
Driver info: org.openqa.selenium.chrome.ChromeDriver
Command: [46e35b6a4bfbc4e6948d83ca7f10563d, findElement {using=xpath, value=/html/body/div[6]/div[3]/div/div[2]/div/div[2]/div/table/tbody/tr[1]/td[4]/button}]
Capabilities {acceptInsecureCerts: false, browserName: chrome, browserVersion: 106.0.5249.119, chrome: {chromedriverVersion: 106.0.5249.61 (511755355844..., userDataDir: C:\Users\ahmed\AppData\Loca...}, goog:chromeOptions: {debuggerAddress: localhost:52203}, networkConnectionEnabled: false, pageLoadStrategy: normal, platformName: WINDOWS, proxy: Proxy(), se:cdp: ws://localhost:52203/devtoo..., se:cdpVersion: 106.0.5249.119, setWindowRect: true, strictFileInteractability: false, timeouts: {implicit: 0, pageLoad: 300000, script: 30000}, unhandledPromptBehavior: dismiss and notify, webauthn:extension:credBlob: true, webauthn:extension:largeBlob: true, webauthn:virtualAuthenticators: true}
Session ID: 46e35b6a4bfbc4e6948d83ca7f10563d
	at sun.reflect.NativeConstructorAccessorImpl.newInstance0(Native Method)
	at sun.reflect.NativeConstructorAccessorImpl.newInstance(NativeConstructorAccessorImpl.java:62)
	at sun.reflect.DelegatingConstructorAccessorImpl.newInstance(DelegatingConstructorAccessorImpl.java:45)
	at java.lang.reflect.Constructor.newInstance(Constructor.java:423)
	at org.openqa.selenium.remote.codec.w3c.W3CHttpResponseCodec.createException(W3CHttpResponseCodec.java:200)
	at org.openqa.selenium.remote.codec.w3c.W3CHttpResponseCodec.decode(W3CHttpResponseCodec.java:133)
	at org.openqa.selenium.remote.codec.w3c.W3CHttpResponseCodec.decode(W3CHttpResponseCodec.java:53)
	at org.openqa.selenium.remote.HttpCommandExecutor.execute(HttpCommandExecutor.java:184)
	at org.openqa.selenium.remote.service.DriverCommandExecutor.invokeExecute(DriverCommandExecutor.java:167)
	at org.openqa.selenium.remote.service.DriverCommandExecutor.execute(DriverCommandExecutor.java:142)
	at org.openqa.selenium.remote.RemoteWebDriver.execute(RemoteWebDriver.java:547)
	at org.openqa.selenium.remote.ElementLocation$ElementFinder$2.findElement(ElementLocation.java:162)
	at org.openqa.selenium.remote.ElementLocation.findElement(ElementLocation.java:60)
	at org.openqa.selenium.remote.RemoteWebDriver.findElement(RemoteWebDriver.java:365)
	at org.openqa.selenium.remote.RemoteWebDriver.findElement(RemoteWebDriver.java:357)
	at org.example.pages.P11_compareList.compareProdClear(P11_compareList.java:37)
	at org.example.StepDefinitions.SD11_compareList.user_clears_a_product_from_compareList(SD11_compareList.java:70)
	at ✽.user clears a product from compareList(file:///D:/front%20end%20testing%20course/EcommerceProject/src/main/resources/features/11_compareList.feature:16)
]]></failure>
</testcase>
<testcase classname="user could Create Successful Order" name="user could Create Successful Order" time="25.893">
<failure message="no such element: Unable to locate element: {&quot;method&quot;:&quot;xpath&quot;,&quot;selector&quot;:&quot;//div[@class=&quot;terms-of-service&quot;]/input&quot;}&#10;  (Session info: chrome=106.0.5249.119)&#10;For documentation on this error, please visit: https://selenium.dev/exceptions/#no_such_element&#10;Build info: version: '4.5.0', revision: 'fe167b119a'&#10;System info: os.name: 'Windows 7', os.arch: 'amd64', os.version: '6.1', java.version: '1.8.0_111'&#10;Driver info: org.openqa.selenium.chrome.ChromeDriver&#10;Command: [29e84e3dbd12ba644062ddb117f8e2ef, findElement {using=xpath, value=//div[@class=&quot;terms-of-service&quot;]/input}]&#10;Capabilities {acceptInsecureCerts: false, browserName: chrome, browserVersion: 106.0.5249.119, chrome: {chromedriverVersion: 106.0.5249.61 (511755355844..., userDataDir: C:\Users\ahmed\AppData\Loca...}, goog:chromeOptions: {debuggerAddress: localhost:52228}, networkConnectionEnabled: false, pageLoadStrategy: normal, platformName: WINDOWS, proxy: Proxy(), se:cdp: ws://localhost:52228/devtoo..., se:cdpVersion: 106.0.5249.119, setWindowRect: true, strictFileInteractability: false, timeouts: {implicit: 0, pageLoad: 300000, script: 30000}, unhandledPromptBehavior: dismiss and notify, webauthn:extension:credBlob: true, webauthn:extension:largeBlob: true, webauthn:virtualAuthenticators: true}&#10;Session ID: 29e84e3dbd12ba644062ddb117f8e2ef" type="org.openqa.selenium.NoSuchElementException"><![CDATA[Given open home page again..................................................passed
And open shopping page......................................................passed
When user agrees with terms and proceed to Checkout.........................failed
And user enters email address...............................................skipped
And user enters password....................................................skipped
And user pressed on Log-in button...........................................skipped
And user agrees with terms and proceed to Checkout..........................skipped
And user types Billing address to Create Order..............................skipped
And user confirms Billing address...........................................skipped
And user chooses Shipping Method to Continue................................skipped
And user chooses Payment Method to Continue.................................skipped
And user fills out Payment Information......................................skipped
Then user confirms his order................................................skipped
And user checks order details...............................................skipped
And user saves invoice......................................................skipped
And user prints invoice.....................................................skipped

StackTrace:
org.openqa.selenium.NoSuchElementException: no such element: Unable to locate element: {"method":"xpath","selector":"//div[@class="terms-of-service"]/input"}
  (Session info: chrome=106.0.5249.119)
For documentation on this error, please visit: https://selenium.dev/exceptions/#no_such_element
Build info: version: '4.5.0', revision: 'fe167b119a'
System info: os.name: 'Windows 7', os.arch: 'amd64', os.version: '6.1', java.version: '1.8.0_111'
Driver info: org.openqa.selenium.chrome.ChromeDriver
Command: [29e84e3dbd12ba644062ddb117f8e2ef, findElement {using=xpath, value=//div[@class="terms-of-service"]/input}]
Capabilities {acceptInsecureCerts: false, browserName: chrome, browserVersion: 106.0.5249.119, chrome: {chromedriverVersion: 106.0.5249.61 (511755355844..., userDataDir: C:\Users\ahmed\AppData\Loca...}, goog:chromeOptions: {debuggerAddress: localhost:52228}, networkConnectionEnabled: false, pageLoadStrategy: normal, platformName: WINDOWS, proxy: Proxy(), se:cdp: ws://localhost:52228/devtoo..., se:cdpVersion: 106.0.5249.119, setWindowRect: true, strictFileInteractability: false, timeouts: {implicit: 0, pageLoad: 300000, script: 30000}, unhandledPromptBehavior: dismiss and notify, webauthn:extension:credBlob: true, webauthn:extension:largeBlob: true, webauthn:virtualAuthenticators: true}
Session ID: 29e84e3dbd12ba644062ddb117f8e2ef
	at sun.reflect.NativeConstructorAccessorImpl.newInstance0(Native Method)
	at sun.reflect.NativeConstructorAccessorImpl.newInstance(NativeConstructorAccessorImpl.java:62)
	at sun.reflect.DelegatingConstructorAccessorImpl.newInstance(DelegatingConstructorAccessorImpl.java:45)
	at java.lang.reflect.Constructor.newInstance(Constructor.java:423)
	at org.openqa.selenium.remote.codec.w3c.W3CHttpResponseCodec.createException(W3CHttpResponseCodec.java:200)
	at org.openqa.selenium.remote.codec.w3c.W3CHttpResponseCodec.decode(W3CHttpResponseCodec.java:133)
	at org.openqa.selenium.remote.codec.w3c.W3CHttpResponseCodec.decode(W3CHttpResponseCodec.java:53)
	at org.openqa.selenium.remote.HttpCommandExecutor.execute(HttpCommandExecutor.java:184)
	at org.openqa.selenium.remote.service.DriverCommandExecutor.invokeExecute(DriverCommandExecutor.java:167)
	at org.openqa.selenium.remote.service.DriverCommandExecutor.execute(DriverCommandExecutor.java:142)
	at org.openqa.selenium.remote.RemoteWebDriver.execute(RemoteWebDriver.java:547)
	at org.openqa.selenium.remote.ElementLocation$ElementFinder$2.findElement(ElementLocation.java:162)
	at org.openqa.selenium.remote.ElementLocation.findElement(ElementLocation.java:60)
	at org.openqa.selenium.remote.RemoteWebDriver.findElement(RemoteWebDriver.java:365)
	at org.openqa.selenium.remote.RemoteWebDriver.findElement(RemoteWebDriver.java:357)
	at org.example.pages.P12_checkOut.checkoutTerms(P12_checkOut.java:12)
	at org.example.StepDefinitions.SD12_checkOut.user_agrees_with_terms_and_proceed_to_Checkout(SD12_checkOut.java:27)
	at ✽.user agrees with terms and proceed to Checkout(file:///D:/front%20end%20testing%20course/EcommerceProject/src/main/resources/features/12_checkOut.feature:10)
]]></failure>
</testcase>
</testsuite>
